[INFO] Error stacktraces are turned on.
[INFO] Scanning for projects...
[ERROR] [ERROR] Some problems were encountered while processing the POMs:
[WARNING] 'groupId' contains an expression but should be a constant. @ ${groupId}:${artifactId}:${version}, C:\Users\diego\Desktop\ascanio-archetype-webapp\target\test-classes\projects\it-basic\project\basic-webapp\pom.xml, line 7, column 12
[WARNING] 'artifactId' contains an expression but should be a constant. @ ${groupId}:${artifactId}:${version}, C:\Users\diego\Desktop\ascanio-archetype-webapp\target\test-classes\projects\it-basic\project\basic-webapp\pom.xml, line 8, column 15
[WARNING] 'version' contains an expression but should be a constant. @ ${groupId}:${artifactId}:${version}, C:\Users\diego\Desktop\ascanio-archetype-webapp\target\test-classes\projects\it-basic\project\basic-webapp\pom.xml, line 9, column 12
[WARNING] The expression ${groupId} is deprecated. Please use ${project.groupId} instead. @ ${groupId}:${artifactId}:${version}, C:\Users\diego\Desktop\ascanio-archetype-webapp\target\test-classes\projects\it-basic\project\basic-webapp\pom.xml
[ERROR] Resolving expression: '${groupId}': Detected the following recursive expression cycle in 'groupId': [groupId] @ ${groupId}:${artifactId}:${version}, C:\Users\diego\Desktop\ascanio-archetype-webapp\target\test-classes\projects\it-basic\project\basic-webapp\pom.xml
[WARNING] The expression ${artifactId} is deprecated. Please use ${project.artifactId} instead. @ [unknown-group-id]:${artifactId}:${version}, C:\Users\diego\Desktop\ascanio-archetype-webapp\target\test-classes\projects\it-basic\project\basic-webapp\pom.xml
[ERROR] Resolving expression: '${artifactId}': Detected the following recursive expression cycle in 'artifactId': [artifactId] @ [unknown-group-id]:${artifactId}:${version}, C:\Users\diego\Desktop\ascanio-archetype-webapp\target\test-classes\projects\it-basic\project\basic-webapp\pom.xml
[WARNING] The expression ${version} is deprecated. Please use ${project.version} instead. @ [unknown-group-id]:[unknown-artifact-id]:${version}, C:\Users\diego\Desktop\ascanio-archetype-webapp\target\test-classes\projects\it-basic\project\basic-webapp\pom.xml
[ERROR] Resolving expression: '${version}': Detected the following recursive expression cycle in 'version': [version] @ [unknown-group-id]:[unknown-artifact-id]:${version}, C:\Users\diego\Desktop\ascanio-archetype-webapp\target\test-classes\projects\it-basic\project\basic-webapp\pom.xml
[ERROR] For artifact {null:null:null:war}: The groupId cannot be empty. @ [unknown-group-id]:[unknown-artifact-id]:[unknown-version], C:\Users\diego\Desktop\ascanio-archetype-webapp\target\test-classes\projects\it-basic\project\basic-webapp\pom.xml
[ERROR] 'groupId' is missing. @ ${groupId}:${artifactId}:${version}, C:\Users\diego\Desktop\ascanio-archetype-webapp\target\test-classes\projects\it-basic\project\basic-webapp\pom.xml, line 7, column 12
[ERROR] 'artifactId' is missing. @ ${groupId}:${artifactId}:${version}, C:\Users\diego\Desktop\ascanio-archetype-webapp\target\test-classes\projects\it-basic\project\basic-webapp\pom.xml, line 8, column 15
[ERROR] 'version' is missing. @ ${groupId}:${artifactId}:${version}, C:\Users\diego\Desktop\ascanio-archetype-webapp\target\test-classes\projects\it-basic\project\basic-webapp\pom.xml, line 9, column 12
[ERROR] 'build.plugins.plugin.version' for org.apache.maven.plugins:maven-clean-plugin must be a valid version but is '${clean}'. @ ${groupId}:${artifactId}:${version}, C:\Users\diego\Desktop\ascanio-archetype-webapp\target\test-classes\projects\it-basic\project\basic-webapp\pom.xml, line 37, column 20
[ERROR] 'build.plugins.plugin.version' for org.apache.maven.plugins:maven-resources-plugin must be a valid version but is '${resources}'. @ ${groupId}:${artifactId}:${version}, C:\Users\diego\Desktop\ascanio-archetype-webapp\target\test-classes\projects\it-basic\project\basic-webapp\pom.xml, line 42, column 20
[ERROR] 'build.plugins.plugin.version' for org.apache.maven.plugins:maven-war-plugin must be a valid version but is '${war}'. @ ${groupId}:${artifactId}:${version}, C:\Users\diego\Desktop\ascanio-archetype-webapp\target\test-classes\projects\it-basic\project\basic-webapp\pom.xml, line 54, column 20
[ERROR] 'build.plugins.plugin.version' for org.apache.maven.plugins:maven-compiler-plugin must be a valid version but is '${compiler}'. @ ${groupId}:${artifactId}:${version}, C:\Users\diego\Desktop\ascanio-archetype-webapp\target\test-classes\projects\it-basic\project\basic-webapp\pom.xml, line 46, column 20
[ERROR] 'build.plugins.plugin.version' for org.apache.maven.plugins:maven-surefire-plugin must be a valid version but is '${surefire}'. @ ${groupId}:${artifactId}:${version}, C:\Users\diego\Desktop\ascanio-archetype-webapp\target\test-classes\projects\it-basic\project\basic-webapp\pom.xml, line 50, column 20
[ERROR] 'build.plugins.plugin.version' for org.apache.maven.plugins:maven-install-plugin must be a valid version but is '${install}'. @ ${groupId}:${artifactId}:${version}, C:\Users\diego\Desktop\ascanio-archetype-webapp\target\test-classes\projects\it-basic\project\basic-webapp\pom.xml, line 58, column 20
[ERROR] 'build.plugins.plugin.version' for org.apache.maven.plugins:maven-deploy-plugin must be a valid version but is '${deploy}'. @ ${groupId}:${artifactId}:${version}, C:\Users\diego\Desktop\ascanio-archetype-webapp\target\test-classes\projects\it-basic\project\basic-webapp\pom.xml, line 62, column 20
 @ 
[ERROR] The build could not read 1 project -> [Help 1]
org.apache.maven.project.ProjectBuildingException: Some problems were encountered while processing the POMs:
[WARNING] 'groupId' contains an expression but should be a constant. @ ${groupId}:${artifactId}:${version}, C:\Users\diego\Desktop\ascanio-archetype-webapp\target\test-classes\projects\it-basic\project\basic-webapp\pom.xml, line 7, column 12
[WARNING] 'artifactId' contains an expression but should be a constant. @ ${groupId}:${artifactId}:${version}, C:\Users\diego\Desktop\ascanio-archetype-webapp\target\test-classes\projects\it-basic\project\basic-webapp\pom.xml, line 8, column 15
[WARNING] 'version' contains an expression but should be a constant. @ ${groupId}:${artifactId}:${version}, C:\Users\diego\Desktop\ascanio-archetype-webapp\target\test-classes\projects\it-basic\project\basic-webapp\pom.xml, line 9, column 12
[WARNING] The expression ${groupId} is deprecated. Please use ${project.groupId} instead. @ ${groupId}:${artifactId}:${version}, C:\Users\diego\Desktop\ascanio-archetype-webapp\target\test-classes\projects\it-basic\project\basic-webapp\pom.xml
[ERROR] Resolving expression: '${groupId}': Detected the following recursive expression cycle in 'groupId': [groupId] @ ${groupId}:${artifactId}:${version}, C:\Users\diego\Desktop\ascanio-archetype-webapp\target\test-classes\projects\it-basic\project\basic-webapp\pom.xml
[WARNING] The expression ${artifactId} is deprecated. Please use ${project.artifactId} instead. @ [unknown-group-id]:${artifactId}:${version}, C:\Users\diego\Desktop\ascanio-archetype-webapp\target\test-classes\projects\it-basic\project\basic-webapp\pom.xml
[ERROR] Resolving expression: '${artifactId}': Detected the following recursive expression cycle in 'artifactId': [artifactId] @ [unknown-group-id]:${artifactId}:${version}, C:\Users\diego\Desktop\ascanio-archetype-webapp\target\test-classes\projects\it-basic\project\basic-webapp\pom.xml
[WARNING] The expression ${version} is deprecated. Please use ${project.version} instead. @ [unknown-group-id]:[unknown-artifact-id]:${version}, C:\Users\diego\Desktop\ascanio-archetype-webapp\target\test-classes\projects\it-basic\project\basic-webapp\pom.xml
[ERROR] Resolving expression: '${version}': Detected the following recursive expression cycle in 'version': [version] @ [unknown-group-id]:[unknown-artifact-id]:${version}, C:\Users\diego\Desktop\ascanio-archetype-webapp\target\test-classes\projects\it-basic\project\basic-webapp\pom.xml
[ERROR] For artifact {null:null:null:war}: The groupId cannot be empty. @ [unknown-group-id]:[unknown-artifact-id]:[unknown-version], C:\Users\diego\Desktop\ascanio-archetype-webapp\target\test-classes\projects\it-basic\project\basic-webapp\pom.xml
[ERROR] 'groupId' is missing. @ ${groupId}:${artifactId}:${version}, C:\Users\diego\Desktop\ascanio-archetype-webapp\target\test-classes\projects\it-basic\project\basic-webapp\pom.xml, line 7, column 12
[ERROR] 'artifactId' is missing. @ ${groupId}:${artifactId}:${version}, C:\Users\diego\Desktop\ascanio-archetype-webapp\target\test-classes\projects\it-basic\project\basic-webapp\pom.xml, line 8, column 15
[ERROR] 'version' is missing. @ ${groupId}:${artifactId}:${version}, C:\Users\diego\Desktop\ascanio-archetype-webapp\target\test-classes\projects\it-basic\project\basic-webapp\pom.xml, line 9, column 12
[ERROR] 'build.plugins.plugin.version' for org.apache.maven.plugins:maven-clean-plugin must be a valid version but is '${clean}'. @ ${groupId}:${artifactId}:${version}, C:\Users\diego\Desktop\ascanio-archetype-webapp\target\test-classes\projects\it-basic\project\basic-webapp\pom.xml, line 37, column 20
[ERROR] 'build.plugins.plugin.version' for org.apache.maven.plugins:maven-resources-plugin must be a valid version but is '${resources}'. @ ${groupId}:${artifactId}:${version}, C:\Users\diego\Desktop\ascanio-archetype-webapp\target\test-classes\projects\it-basic\project\basic-webapp\pom.xml, line 42, column 20
[ERROR] 'build.plugins.plugin.version' for org.apache.maven.plugins:maven-war-plugin must be a valid version but is '${war}'. @ ${groupId}:${artifactId}:${version}, C:\Users\diego\Desktop\ascanio-archetype-webapp\target\test-classes\projects\it-basic\project\basic-webapp\pom.xml, line 54, column 20
[ERROR] 'build.plugins.plugin.version' for org.apache.maven.plugins:maven-compiler-plugin must be a valid version but is '${compiler}'. @ ${groupId}:${artifactId}:${version}, C:\Users\diego\Desktop\ascanio-archetype-webapp\target\test-classes\projects\it-basic\project\basic-webapp\pom.xml, line 46, column 20
[ERROR] 'build.plugins.plugin.version' for org.apache.maven.plugins:maven-surefire-plugin must be a valid version but is '${surefire}'. @ ${groupId}:${artifactId}:${version}, C:\Users\diego\Desktop\ascanio-archetype-webapp\target\test-classes\projects\it-basic\project\basic-webapp\pom.xml, line 50, column 20
[ERROR] 'build.plugins.plugin.version' for org.apache.maven.plugins:maven-install-plugin must be a valid version but is '${install}'. @ ${groupId}:${artifactId}:${version}, C:\Users\diego\Desktop\ascanio-archetype-webapp\target\test-classes\projects\it-basic\project\basic-webapp\pom.xml, line 58, column 20
[ERROR] 'build.plugins.plugin.version' for org.apache.maven.plugins:maven-deploy-plugin must be a valid version but is '${deploy}'. @ ${groupId}:${artifactId}:${version}, C:\Users\diego\Desktop\ascanio-archetype-webapp\target\test-classes\projects\it-basic\project\basic-webapp\pom.xml, line 62, column 20

    at org.apache.maven.project.DefaultProjectBuilder.build (DefaultProjectBuilder.java:389)
    at org.apache.maven.graph.DefaultGraphBuilder.collectProjects (DefaultGraphBuilder.java:351)
    at org.apache.maven.graph.DefaultGraphBuilder.getProjectsForMavenReactor (DefaultGraphBuilder.java:342)
    at org.apache.maven.graph.DefaultGraphBuilder.build (DefaultGraphBuilder.java:76)
    at org.apache.maven.DefaultMaven.buildGraph (DefaultMaven.java:448)
    at org.apache.maven.DefaultMaven.doExecute (DefaultMaven.java:197)
    at org.apache.maven.DefaultMaven.doExecute (DefaultMaven.java:173)
    at org.apache.maven.DefaultMaven.execute (DefaultMaven.java:101)
    at org.apache.maven.cli.MavenCli.execute (MavenCli.java:906)
    at org.apache.maven.cli.MavenCli.doMain (MavenCli.java:283)
    at org.apache.maven.cli.MavenCli.main (MavenCli.java:206)
    at jdk.internal.reflect.DirectMethodHandleAccessor.invoke (DirectMethodHandleAccessor.java:103)
    at java.lang.reflect.Method.invoke (Method.java:580)
    at org.codehaus.plexus.classworlds.launcher.Launcher.launchEnhanced (Launcher.java:255)
    at org.codehaus.plexus.classworlds.launcher.Launcher.launch (Launcher.java:201)
    at org.codehaus.plexus.classworlds.launcher.Launcher.mainWithExitCode (Launcher.java:361)
    at org.codehaus.plexus.classworlds.launcher.Launcher.main (Launcher.java:314)
[ERROR]   
[ERROR]   The project null:null:null (C:\Users\diego\Desktop\ascanio-archetype-webapp\target\test-classes\projects\it-basic\project\basic-webapp\pom.xml) has 14 errors
[ERROR]     Resolving expression: '${groupId}': Detected the following recursive expression cycle in 'groupId': [groupId] @ ${groupId}:${artifactId}:${version}, C:\Users\diego\Desktop\ascanio-archetype-webapp\target\test-classes\projects\it-basic\project\basic-webapp\pom.xml -> [Help 2]
org.codehaus.plexus.interpolation.InterpolationCycleException: Resolving expression: '${groupId}': Detected the following recursive expression cycle in 'groupId': [groupId]
    at org.codehaus.plexus.interpolation.StringSearchInterpolator.interpolate (StringSearchInterpolator.java:178)
    at org.codehaus.plexus.interpolation.StringSearchInterpolator.interpolate (StringSearchInterpolator.java:105)
    at org.apache.maven.model.interpolation.StringVisitorModelInterpolator$1.interpolate (StringVisitorModelInterpolator.java:127)
    at org.apache.maven.model.interpolation.StringVisitorModelInterpolator$ModelVisitor.interpolate (StringVisitorModelInterpolator.java:1218)
    at org.apache.maven.model.interpolation.StringVisitorModelInterpolator$ModelVisitor.visit (StringVisitorModelInterpolator.java:162)
    at org.apache.maven.model.interpolation.StringVisitorModelInterpolator.interpolateModel (StringVisitorModelInterpolator.java:101)
    at org.apache.maven.model.building.DefaultModelBuilder.interpolateModel (DefaultModelBuilder.java:771)
    at org.apache.maven.model.building.DefaultModelBuilder.build (DefaultModelBuilder.java:386)
    at org.apache.maven.model.building.DefaultModelBuilder.build (DefaultModelBuilder.java:248)
    at org.apache.maven.project.DefaultProjectBuilder.build (DefaultProjectBuilder.java:447)
    at org.apache.maven.project.DefaultProjectBuilder.build (DefaultProjectBuilder.java:410)
    at org.apache.maven.project.DefaultProjectBuilder.build (DefaultProjectBuilder.java:367)
    at org.apache.maven.graph.DefaultGraphBuilder.collectProjects (DefaultGraphBuilder.java:351)
    at org.apache.maven.graph.DefaultGraphBuilder.getProjectsForMavenReactor (DefaultGraphBuilder.java:342)
    at org.apache.maven.graph.DefaultGraphBuilder.build (DefaultGraphBuilder.java:76)
    at org.apache.maven.DefaultMaven.buildGraph (DefaultMaven.java:448)
    at org.apache.maven.DefaultMaven.doExecute (DefaultMaven.java:197)
    at org.apache.maven.DefaultMaven.doExecute (DefaultMaven.java:173)
    at org.apache.maven.DefaultMaven.execute (DefaultMaven.java:101)
    at org.apache.maven.cli.MavenCli.execute (MavenCli.java:906)
    at org.apache.maven.cli.MavenCli.doMain (MavenCli.java:283)
    at org.apache.maven.cli.MavenCli.main (MavenCli.java:206)
    at jdk.internal.reflect.DirectMethodHandleAccessor.invoke (DirectMethodHandleAccessor.java:103)
    at java.lang.reflect.Method.invoke (Method.java:580)
    at org.codehaus.plexus.classworlds.launcher.Launcher.launchEnhanced (Launcher.java:255)
    at org.codehaus.plexus.classworlds.launcher.Launcher.launch (Launcher.java:201)
    at org.codehaus.plexus.classworlds.launcher.Launcher.mainWithExitCode (Launcher.java:361)
    at org.codehaus.plexus.classworlds.launcher.Launcher.main (Launcher.java:314)
[ERROR]     Resolving expression: '${artifactId}': Detected the following recursive expression cycle in 'artifactId': [artifactId] @ [unknown-group-id]:${artifactId}:${version}, C:\Users\diego\Desktop\ascanio-archetype-webapp\target\test-classes\projects\it-basic\project\basic-webapp\pom.xml -> [Help 2]
org.codehaus.plexus.interpolation.InterpolationCycleException: Resolving expression: '${artifactId}': Detected the following recursive expression cycle in 'artifactId': [artifactId]
    at org.codehaus.plexus.interpolation.StringSearchInterpolator.interpolate (StringSearchInterpolator.java:178)
    at org.codehaus.plexus.interpolation.StringSearchInterpolator.interpolate (StringSearchInterpolator.java:105)
    at org.apache.maven.model.interpolation.StringVisitorModelInterpolator$1.interpolate (StringVisitorModelInterpolator.java:127)
    at org.apache.maven.model.interpolation.StringVisitorModelInterpolator$ModelVisitor.interpolate (StringVisitorModelInterpolator.java:1218)
    at org.apache.maven.model.interpolation.StringVisitorModelInterpolator$ModelVisitor.visit (StringVisitorModelInterpolator.java:168)
    at org.apache.maven.model.interpolation.StringVisitorModelInterpolator.interpolateModel (StringVisitorModelInterpolator.java:101)
    at org.apache.maven.model.building.DefaultModelBuilder.interpolateModel (DefaultModelBuilder.java:771)
    at org.apache.maven.model.building.DefaultModelBuilder.build (DefaultModelBuilder.java:386)
    at org.apache.maven.model.building.DefaultModelBuilder.build (DefaultModelBuilder.java:248)
    at org.apache.maven.project.DefaultProjectBuilder.build (DefaultProjectBuilder.java:447)
    at org.apache.maven.project.DefaultProjectBuilder.build (DefaultProjectBuilder.java:410)
    at org.apache.maven.project.DefaultProjectBuilder.build (DefaultProjectBuilder.java:367)
    at org.apache.maven.graph.DefaultGraphBuilder.collectProjects (DefaultGraphBuilder.java:351)
    at org.apache.maven.graph.DefaultGraphBuilder.getProjectsForMavenReactor (DefaultGraphBuilder.java:342)
    at org.apache.maven.graph.DefaultGraphBuilder.build (DefaultGraphBuilder.java:76)
    at org.apache.maven.DefaultMaven.buildGraph (DefaultMaven.java:448)
    at org.apache.maven.DefaultMaven.doExecute (DefaultMaven.java:197)
    at org.apache.maven.DefaultMaven.doExecute (DefaultMaven.java:173)
    at org.apache.maven.DefaultMaven.execute (DefaultMaven.java:101)
    at org.apache.maven.cli.MavenCli.execute (MavenCli.java:906)
    at org.apache.maven.cli.MavenCli.doMain (MavenCli.java:283)
    at org.apache.maven.cli.MavenCli.main (MavenCli.java:206)
    at jdk.internal.reflect.DirectMethodHandleAccessor.invoke (DirectMethodHandleAccessor.java:103)
    at java.lang.reflect.Method.invoke (Method.java:580)
    at org.codehaus.plexus.classworlds.launcher.Launcher.launchEnhanced (Launcher.java:255)
    at org.codehaus.plexus.classworlds.launcher.Launcher.launch (Launcher.java:201)
    at org.codehaus.plexus.classworlds.launcher.Launcher.mainWithExitCode (Launcher.java:361)
    at org.codehaus.plexus.classworlds.launcher.Launcher.main (Launcher.java:314)
[ERROR]     Resolving expression: '${version}': Detected the following recursive expression cycle in 'version': [version] @ [unknown-group-id]:[unknown-artifact-id]:${version}, C:\Users\diego\Desktop\ascanio-archetype-webapp\target\test-classes\projects\it-basic\project\basic-webapp\pom.xml -> [Help 2]
org.codehaus.plexus.interpolation.InterpolationCycleException: Resolving expression: '${version}': Detected the following recursive expression cycle in 'version': [version]
    at org.codehaus.plexus.interpolation.StringSearchInterpolator.interpolate (StringSearchInterpolator.java:178)
    at org.codehaus.plexus.interpolation.StringSearchInterpolator.interpolate (StringSearchInterpolator.java:105)
    at org.apache.maven.model.interpolation.StringVisitorModelInterpolator$1.interpolate (StringVisitorModelInterpolator.java:127)
    at org.apache.maven.model.interpolation.StringVisitorModelInterpolator$ModelVisitor.interpolate (StringVisitorModelInterpolator.java:1218)
    at org.apache.maven.model.interpolation.StringVisitorModelInterpolator$ModelVisitor.visit (StringVisitorModelInterpolator.java:174)
    at org.apache.maven.model.interpolation.StringVisitorModelInterpolator.interpolateModel (StringVisitorModelInterpolator.java:101)
    at org.apache.maven.model.building.DefaultModelBuilder.interpolateModel (DefaultModelBuilder.java:771)
    at org.apache.maven.model.building.DefaultModelBuilder.build (DefaultModelBuilder.java:386)
    at org.apache.maven.model.building.DefaultModelBuilder.build (DefaultModelBuilder.java:248)
    at org.apache.maven.project.DefaultProjectBuilder.build (DefaultProjectBuilder.java:447)
    at org.apache.maven.project.DefaultProjectBuilder.build (DefaultProjectBuilder.java:410)
    at org.apache.maven.project.DefaultProjectBuilder.build (DefaultProjectBuilder.java:367)
    at org.apache.maven.graph.DefaultGraphBuilder.collectProjects (DefaultGraphBuilder.java:351)
    at org.apache.maven.graph.DefaultGraphBuilder.getProjectsForMavenReactor (DefaultGraphBuilder.java:342)
    at org.apache.maven.graph.DefaultGraphBuilder.build (DefaultGraphBuilder.java:76)
    at org.apache.maven.DefaultMaven.buildGraph (DefaultMaven.java:448)
    at org.apache.maven.DefaultMaven.doExecute (DefaultMaven.java:197)
    at org.apache.maven.DefaultMaven.doExecute (DefaultMaven.java:173)
    at org.apache.maven.DefaultMaven.execute (DefaultMaven.java:101)
    at org.apache.maven.cli.MavenCli.execute (MavenCli.java:906)
    at org.apache.maven.cli.MavenCli.doMain (MavenCli.java:283)
    at org.apache.maven.cli.MavenCli.main (MavenCli.java:206)
    at jdk.internal.reflect.DirectMethodHandleAccessor.invoke (DirectMethodHandleAccessor.java:103)
    at java.lang.reflect.Method.invoke (Method.java:580)
    at org.codehaus.plexus.classworlds.launcher.Launcher.launchEnhanced (Launcher.java:255)
    at org.codehaus.plexus.classworlds.launcher.Launcher.launch (Launcher.java:201)
    at org.codehaus.plexus.classworlds.launcher.Launcher.mainWithExitCode (Launcher.java:361)
    at org.codehaus.plexus.classworlds.launcher.Launcher.main (Launcher.java:314)
[ERROR]     For artifact {null:null:null:war}: The groupId cannot be empty. @ [unknown-group-id]:[unknown-artifact-id]:[unknown-version], C:\Users\diego\Desktop\ascanio-archetype-webapp\target\test-classes\projects\it-basic\project\basic-webapp\pom.xml
org.apache.maven.artifact.InvalidArtifactRTException: For artifact {null:null:null:war}: The groupId cannot be empty.
    at org.apache.maven.artifact.DefaultArtifact.validateIdentity (DefaultArtifact.java:148)
    at org.apache.maven.artifact.DefaultArtifact.<init> (DefaultArtifact.java:142)
    at org.apache.maven.bridge.MavenRepositorySystem.createArtifactX (MavenRepositorySystem.java:509)
    at org.apache.maven.bridge.MavenRepositorySystem.createArtifactX (MavenRepositorySystem.java:470)
    at org.apache.maven.bridge.MavenRepositorySystem.createArtifactX (MavenRepositorySystem.java:459)
    at org.apache.maven.bridge.MavenRepositorySystem.createArtifactX (MavenRepositorySystem.java:413)
    at org.apache.maven.bridge.MavenRepositorySystem.createArtifact (MavenRepositorySystem.java:78)
    at org.apache.maven.project.DefaultProjectBuilder.initProject (DefaultProjectBuilder.java:676)
    at org.apache.maven.project.DefaultProjectBuilder.build (DefaultProjectBuilder.java:463)
    at org.apache.maven.project.DefaultProjectBuilder.build (DefaultProjectBuilder.java:410)
    at org.apache.maven.project.DefaultProjectBuilder.build (DefaultProjectBuilder.java:367)
    at org.apache.maven.graph.DefaultGraphBuilder.collectProjects (DefaultGraphBuilder.java:351)
    at org.apache.maven.graph.DefaultGraphBuilder.getProjectsForMavenReactor (DefaultGraphBuilder.java:342)
    at org.apache.maven.graph.DefaultGraphBuilder.build (DefaultGraphBuilder.java:76)
    at org.apache.maven.DefaultMaven.buildGraph (DefaultMaven.java:448)
    at org.apache.maven.DefaultMaven.doExecute (DefaultMaven.java:197)
    at org.apache.maven.DefaultMaven.doExecute (DefaultMaven.java:173)
    at org.apache.maven.DefaultMaven.execute (DefaultMaven.java:101)
    at org.apache.maven.cli.MavenCli.execute (MavenCli.java:906)
    at org.apache.maven.cli.MavenCli.doMain (MavenCli.java:283)
    at org.apache.maven.cli.MavenCli.main (MavenCli.java:206)
    at jdk.internal.reflect.DirectMethodHandleAccessor.invoke (DirectMethodHandleAccessor.java:103)
    at java.lang.reflect.Method.invoke (Method.java:580)
    at org.codehaus.plexus.classworlds.launcher.Launcher.launchEnhanced (Launcher.java:255)
    at org.codehaus.plexus.classworlds.launcher.Launcher.launch (Launcher.java:201)
    at org.codehaus.plexus.classworlds.launcher.Launcher.mainWithExitCode (Launcher.java:361)
    at org.codehaus.plexus.classworlds.launcher.Launcher.main (Launcher.java:314)
[ERROR]     'groupId' is missing. @ ${groupId}:${artifactId}:${version}, C:\Users\diego\Desktop\ascanio-archetype-webapp\target\test-classes\projects\it-basic\project\basic-webapp\pom.xml, line 7, column 12
[ERROR]     'artifactId' is missing. @ ${groupId}:${artifactId}:${version}, C:\Users\diego\Desktop\ascanio-archetype-webapp\target\test-classes\projects\it-basic\project\basic-webapp\pom.xml, line 8, column 15
[ERROR]     'version' is missing. @ ${groupId}:${artifactId}:${version}, C:\Users\diego\Desktop\ascanio-archetype-webapp\target\test-classes\projects\it-basic\project\basic-webapp\pom.xml, line 9, column 12
[ERROR]     'build.plugins.plugin.version' for org.apache.maven.plugins:maven-clean-plugin must be a valid version but is '${clean}'. @ ${groupId}:${artifactId}:${version}, C:\Users\diego\Desktop\ascanio-archetype-webapp\target\test-classes\projects\it-basic\project\basic-webapp\pom.xml, line 37, column 20
[ERROR]     'build.plugins.plugin.version' for org.apache.maven.plugins:maven-resources-plugin must be a valid version but is '${resources}'. @ ${groupId}:${artifactId}:${version}, C:\Users\diego\Desktop\ascanio-archetype-webapp\target\test-classes\projects\it-basic\project\basic-webapp\pom.xml, line 42, column 20
[ERROR]     'build.plugins.plugin.version' for org.apache.maven.plugins:maven-war-plugin must be a valid version but is '${war}'. @ ${groupId}:${artifactId}:${version}, C:\Users\diego\Desktop\ascanio-archetype-webapp\target\test-classes\projects\it-basic\project\basic-webapp\pom.xml, line 54, column 20
[ERROR]     'build.plugins.plugin.version' for org.apache.maven.plugins:maven-compiler-plugin must be a valid version but is '${compiler}'. @ ${groupId}:${artifactId}:${version}, C:\Users\diego\Desktop\ascanio-archetype-webapp\target\test-classes\projects\it-basic\project\basic-webapp\pom.xml, line 46, column 20
[ERROR]     'build.plugins.plugin.version' for org.apache.maven.plugins:maven-surefire-plugin must be a valid version but is '${surefire}'. @ ${groupId}:${artifactId}:${version}, C:\Users\diego\Desktop\ascanio-archetype-webapp\target\test-classes\projects\it-basic\project\basic-webapp\pom.xml, line 50, column 20
[ERROR]     'build.plugins.plugin.version' for org.apache.maven.plugins:maven-install-plugin must be a valid version but is '${install}'. @ ${groupId}:${artifactId}:${version}, C:\Users\diego\Desktop\ascanio-archetype-webapp\target\test-classes\projects\it-basic\project\basic-webapp\pom.xml, line 58, column 20
[ERROR]     'build.plugins.plugin.version' for org.apache.maven.plugins:maven-deploy-plugin must be a valid version but is '${deploy}'. @ ${groupId}:${artifactId}:${version}, C:\Users\diego\Desktop\ascanio-archetype-webapp\target\test-classes\projects\it-basic\project\basic-webapp\pom.xml, line 62, column 20
[ERROR] 
[ERROR] Re-run Maven using the -X switch to enable full debug logging.
[ERROR] 
[ERROR] For more information about the errors and possible solutions, please read the following articles:
[ERROR] [Help 1] http://cwiki.apache.org/confluence/display/MAVEN/ProjectBuildingException
[ERROR] [Help 2] http://cwiki.apache.org/confluence/display/MAVEN/InterpolationCycleException
